2022-02-28 23:15:37.380 parsl.dataflow.dflow:84 [DEBUG]  Starting DataFlowKernel with config
Config(
    app_cache=True, 
    checkpoint_files=None, 
    checkpoint_mode=None, 
    checkpoint_period=None, 
    executors=[HighThroughputExecutor(
        address='SCC-th7356-01', 
        address_probe_timeout=None, 
        cores_per_worker=1, 
        cpu_affinity='none', 
        heartbeat_period=30, 
        heartbeat_threshold=120, 
        interchange_port_range=(55000, 56000), 
        label='frontera_htex', 
        launch_cmd='process_worker_pool.py {debug} {max_workers} -a {addresses} -p {prefetch_capacity} -c {cores_per_worker} -m {mem_per_worker} --poll {poll_period} --task_port={task_port} --result_port={result_port} --logdir={logdir} --block_id={{block_id}} --hb_period={heartbeat_period} {address_probe_timeout_string} --hb_threshold={heartbeat_threshold} --cpu-affinity {cpu_affinity} ', 
        managed=True, 
        max_workers=10, 
        mem_per_worker=None, 
        poll_period=10, 
        prefetch_capacity=0, 
        provider=LocalProvider(
            channel=LocalChannel(
                envs={}, 
                script_dir=None, 
                userhome='/home/mehdi/work/gitscc/wfgenes/intro_examples/foreach_sample/inputs'
            ), 
            cmd_timeout=30, 
            init_blocks=1, 
            launcher=SingleNodeLauncher(debug=True, fail_on_any=False), 
            max_blocks=1, 
            min_blocks=0, 
            move_files=None, 
            nodes_per_block=1, 
            parallelism=1, 
            walltime='00:15:00', 
            worker_init=''
        ), 
        storage_access=None, 
        worker_debug=False, 
        worker_logdir_root=None, 
        worker_port_range=(54000, 55000), 
        worker_ports=None, 
        working_dir=None
    )], 
    garbage_collect=True, 
    initialize_logging=True, 
    internal_tasks_max_threads=10, 
    max_idletime=120.0, 
    monitoring=None, 
    retries=0, 
    run_dir='runinfo', 
    strategy=None, 
    usage_tracking=False
)
2022-02-28 23:15:37.380 parsl.dataflow.dflow:86 [INFO]  Parsl version: 1.1.0
2022-02-28 23:15:37.380 parsl.dataflow.usage_tracking.usage:125 [DEBUG]  Tracking status: False
2022-02-28 23:15:37.381 parsl.dataflow.dflow:114 [INFO]  Run id is: af725c64-c363-4fc6-ba86-c2aaaa8c4bde
2022-02-28 23:15:37.428 parsl.dataflow.memoization:164 [INFO]  App caching initialized
2022-02-28 23:15:37.428 parsl.dataflow.strategy:127 [DEBUG]  Scaling strategy: None
2022-02-28 23:15:37.434 parsl.executors.high_throughput.executor:473 [DEBUG]  Starting queue management thread
2022-02-28 23:15:37.435 parsl.executors.high_throughput.executor:357 [DEBUG]  [MTHREAD] queue management worker starting
2022-02-28 23:15:37.435 parsl.executors.high_throughput.executor:477 [DEBUG]  Started queue management thread
2022-02-28 23:15:37.443 parsl.executors.high_throughput.executor:318 [DEBUG]  Created management thread: <Thread(HTEX-Queue-Management-Thread, started daemon 140359499638528)>
2022-02-28 23:15:37.443 parsl.executors.high_throughput.executor:290 [DEBUG]  Launch command: process_worker_pool.py  --max_workers=10 -a SCC-th7356-01 -p 0 -c 1 -m None --poll 10 --task_port=54936 --result_port=54270 --logdir=/home/mehdi/work/gitscc/wfgenes/intro_examples/foreach_sample/inputs/runinfo/001/frontera_htex --block_id={block_id} --hb_period=30  --hb_threshold=120 --cpu-affinity none 
2022-02-28 23:15:37.443 parsl.executors.high_throughput.executor:293 [DEBUG]  Starting HighThroughputExecutor with provider:
LocalProvider(
    channel=LocalChannel(
        envs={}, 
        script_dir='/home/mehdi/work/gitscc/wfgenes/intro_examples/foreach_sample/inputs/runinfo/001/submit_scripts', 
        userhome='/home/mehdi/work/gitscc/wfgenes/intro_examples/foreach_sample/inputs'
    ), 
    cmd_timeout=30, 
    init_blocks=1, 
    launcher=SingleNodeLauncher(debug=True, fail_on_any=False), 
    max_blocks=1, 
    min_blocks=0, 
    move_files=None, 
    nodes_per_block=1, 
    parallelism=1, 
    walltime='00:15:00', 
    worker_init=''
)
2022-02-28 23:15:37.444 parsl.providers.local.local:219 [DEBUG]  Launching in remote mode
2022-02-28 23:15:37.452 parsl.executors.high_throughput.executor:624 [DEBUG]  Launched block 0->557147
2022-02-28 23:15:37.453 parsl.dataflow.task_status_poller:114 [DEBUG]  Adding executor frontera_htex
2022-02-28 23:15:37.454 parsl.dataflow.dflow:795 [DEBUG]  Task 0 will be sent to executor frontera_htex
2022-02-28 23:15:37.454 parsl.dataflow.dflow:624 [DEBUG]  Adding output dependencies
2022-02-28 23:15:37.454 parsl.dataflow.dflow:874 [INFO]  Task 0 submitted for App data_generator, not waiting on any dependency
2022-02-28 23:15:37.454 parsl.dataflow.dflow:882 [DEBUG]  Task 0 set to pending state with AppFuture: <AppFuture super=<AppFuture at 0x7fa7ffa1fe50 state=pending>>
2022-02-28 23:15:37.454 parsl.dataflow.memoization:229 [DEBUG]  Task 0 will not be memoized
2022-02-28 23:15:37.454 parsl.executors.high_throughput.executor:562 [DEBUG]  Pushing function <function data_generator at 0x7fa7ffa26430> to queue with args (100,)
2022-02-28 23:15:37.455 parsl.dataflow.dflow:587 [INFO]  Task 0 launched on executor frontera_htex
2022-02-28 23:15:38.006 parsl.dataflow.dflow:431 [INFO]  Task 0 completed (launched -> exec_done)
2022-02-28 23:15:38.006 parsl.dataflow.dflow:795 [DEBUG]  Task 1 will be sent to executor frontera_htex
2022-02-28 23:15:38.007 parsl.dataflow.dflow:624 [DEBUG]  Adding output dependencies
2022-02-28 23:15:38.007 parsl.dataflow.dflow:874 [INFO]  Task 1 submitted for App plus_minus, not waiting on any dependency
2022-02-28 23:15:38.007 parsl.dataflow.dflow:882 [DEBUG]  Task 1 set to pending state with AppFuture: <AppFuture super=<AppFuture at 0x7fa7fd9b84f0 state=pending>>
2022-02-28 23:15:38.007 parsl.dataflow.memoization:229 [DEBUG]  Task 1 will not be memoized
2022-02-28 23:15:38.007 parsl.executors.high_throughput.executor:562 [DEBUG]  Pushing function <function plus_minus at 0x7fa7ffa26160> to queue with args ([1, 2, 3, 4, 5, 6, 7, 8, 9, 10], 1)
2022-02-28 23:15:38.007 parsl.dataflow.dflow:587 [INFO]  Task 1 launched on executor frontera_htex
2022-02-28 23:15:38.007 parsl.dataflow.dflow:795 [DEBUG]  Task 2 will be sent to executor frontera_htex
2022-02-28 23:15:38.007 parsl.dataflow.dflow:624 [DEBUG]  Adding output dependencies
2022-02-28 23:15:38.007 parsl.dataflow.dflow:874 [INFO]  Task 2 submitted for App plus_minus, not waiting on any dependency
2022-02-28 23:15:38.007 parsl.dataflow.dflow:882 [DEBUG]  Task 2 set to pending state with AppFuture: <AppFuture super=<AppFuture at 0x7fa7fd9b8940 state=pending>>
2022-02-28 23:15:38.007 parsl.dataflow.memoization:229 [DEBUG]  Task 2 will not be memoized
2022-02-28 23:15:38.007 parsl.executors.high_throughput.executor:562 [DEBUG]  Pushing function <function plus_minus at 0x7fa7ffa26160> to queue with args ([11, 12, 13, 14, 15, 16, 17, 18, 19, 20], 1)
2022-02-28 23:15:38.008 parsl.dataflow.dflow:587 [INFO]  Task 2 launched on executor frontera_htex
2022-02-28 23:15:38.008 parsl.dataflow.dflow:795 [DEBUG]  Task 3 will be sent to executor frontera_htex
2022-02-28 23:15:38.008 parsl.dataflow.dflow:624 [DEBUG]  Adding output dependencies
2022-02-28 23:15:38.008 parsl.dataflow.dflow:874 [INFO]  Task 3 submitted for App plus_minus, not waiting on any dependency
2022-02-28 23:15:38.008 parsl.dataflow.dflow:882 [DEBUG]  Task 3 set to pending state with AppFuture: <AppFuture super=<AppFuture at 0x7fa7fd9b8c10 state=pending>>
2022-02-28 23:15:38.008 parsl.dataflow.memoization:229 [DEBUG]  Task 3 will not be memoized
2022-02-28 23:15:38.008 parsl.executors.high_throughput.executor:562 [DEBUG]  Pushing function <function plus_minus at 0x7fa7ffa26160> to queue with args ([21, 22, 23, 24, 25, 26, 27, 28, 29, 30], 1)
2022-02-28 23:15:38.008 parsl.dataflow.dflow:587 [INFO]  Task 3 launched on executor frontera_htex
2022-02-28 23:15:38.008 parsl.dataflow.dflow:795 [DEBUG]  Task 4 will be sent to executor frontera_htex
2022-02-28 23:15:38.008 parsl.dataflow.dflow:624 [DEBUG]  Adding output dependencies
2022-02-28 23:15:38.008 parsl.dataflow.dflow:874 [INFO]  Task 4 submitted for App plus_minus, not waiting on any dependency
2022-02-28 23:15:38.008 parsl.dataflow.dflow:882 [DEBUG]  Task 4 set to pending state with AppFuture: <AppFuture super=<AppFuture at 0x7fa7fd9b8f10 state=pending>>
2022-02-28 23:15:38.008 parsl.dataflow.memoization:229 [DEBUG]  Task 4 will not be memoized
2022-02-28 23:15:38.008 parsl.executors.high_throughput.executor:562 [DEBUG]  Pushing function <function plus_minus at 0x7fa7ffa26160> to queue with args ([31, 32, 33, 34, 35, 36, 37, 38, 39, 40], 1)
2022-02-28 23:15:38.008 parsl.dataflow.dflow:587 [INFO]  Task 4 launched on executor frontera_htex
2022-02-28 23:15:38.008 parsl.dataflow.dflow:795 [DEBUG]  Task 5 will be sent to executor frontera_htex
2022-02-28 23:15:38.008 parsl.dataflow.dflow:624 [DEBUG]  Adding output dependencies
2022-02-28 23:15:38.008 parsl.dataflow.dflow:874 [INFO]  Task 5 submitted for App plus_minus, not waiting on any dependency
2022-02-28 23:15:38.008 parsl.dataflow.dflow:882 [DEBUG]  Task 5 set to pending state with AppFuture: <AppFuture super=<AppFuture at 0x7fa7fd9c9250 state=pending>>
2022-02-28 23:15:38.008 parsl.dataflow.memoization:229 [DEBUG]  Task 5 will not be memoized
2022-02-28 23:15:38.008 parsl.executors.high_throughput.executor:562 [DEBUG]  Pushing function <function plus_minus at 0x7fa7ffa26160> to queue with args ([41, 42, 43, 44, 45, 46, 47, 48, 49, 50], 1)
2022-02-28 23:15:38.009 parsl.dataflow.dflow:587 [INFO]  Task 5 launched on executor frontera_htex
2022-02-28 23:15:38.009 parsl.dataflow.dflow:795 [DEBUG]  Task 6 will be sent to executor frontera_htex
2022-02-28 23:15:38.009 parsl.dataflow.dflow:624 [DEBUG]  Adding output dependencies
2022-02-28 23:15:38.009 parsl.dataflow.dflow:874 [INFO]  Task 6 submitted for App plus_minus, not waiting on any dependency
2022-02-28 23:15:38.009 parsl.dataflow.dflow:882 [DEBUG]  Task 6 set to pending state with AppFuture: <AppFuture super=<AppFuture at 0x7fa7fd9c9550 state=pending>>
2022-02-28 23:15:38.009 parsl.dataflow.memoization:229 [DEBUG]  Task 6 will not be memoized
2022-02-28 23:15:38.009 parsl.executors.high_throughput.executor:562 [DEBUG]  Pushing function <function plus_minus at 0x7fa7ffa26160> to queue with args ([51, 52, 53, 54, 55, 56, 57, 58, 59, 60], 1)
2022-02-28 23:15:38.009 parsl.dataflow.dflow:587 [INFO]  Task 6 launched on executor frontera_htex
2022-02-28 23:15:38.009 parsl.dataflow.dflow:795 [DEBUG]  Task 7 will be sent to executor frontera_htex
2022-02-28 23:15:38.009 parsl.dataflow.dflow:624 [DEBUG]  Adding output dependencies
2022-02-28 23:15:38.009 parsl.dataflow.dflow:874 [INFO]  Task 7 submitted for App plus_minus, not waiting on any dependency
2022-02-28 23:15:38.009 parsl.dataflow.dflow:882 [DEBUG]  Task 7 set to pending state with AppFuture: <AppFuture super=<AppFuture at 0x7fa7fd9c9850 state=pending>>
2022-02-28 23:15:38.009 parsl.dataflow.memoization:229 [DEBUG]  Task 7 will not be memoized
2022-02-28 23:15:38.009 parsl.executors.high_throughput.executor:562 [DEBUG]  Pushing function <function plus_minus at 0x7fa7ffa26160> to queue with args ([61, 62, 63, 64, 65, 66, 67, 68, 69, 70], 1)
2022-02-28 23:15:38.009 parsl.dataflow.dflow:587 [INFO]  Task 7 launched on executor frontera_htex
2022-02-28 23:15:38.009 parsl.dataflow.dflow:795 [DEBUG]  Task 8 will be sent to executor frontera_htex
2022-02-28 23:15:38.009 parsl.dataflow.dflow:624 [DEBUG]  Adding output dependencies
2022-02-28 23:15:38.009 parsl.dataflow.dflow:874 [INFO]  Task 8 submitted for App plus_minus, not waiting on any dependency
2022-02-28 23:15:38.009 parsl.dataflow.dflow:882 [DEBUG]  Task 8 set to pending state with AppFuture: <AppFuture super=<AppFuture at 0x7fa7fd9b8e20 state=pending>>
2022-02-28 23:15:38.009 parsl.dataflow.memoization:229 [DEBUG]  Task 8 will not be memoized
2022-02-28 23:15:38.010 parsl.executors.high_throughput.executor:562 [DEBUG]  Pushing function <function plus_minus at 0x7fa7ffa26160> to queue with args ([71, 72, 73, 74, 75, 76, 77, 78, 79, 80], 1)
2022-02-28 23:15:38.010 parsl.dataflow.dflow:587 [INFO]  Task 8 launched on executor frontera_htex
2022-02-28 23:15:38.010 parsl.dataflow.dflow:795 [DEBUG]  Task 9 will be sent to executor frontera_htex
2022-02-28 23:15:38.010 parsl.dataflow.dflow:624 [DEBUG]  Adding output dependencies
2022-02-28 23:15:38.010 parsl.dataflow.dflow:874 [INFO]  Task 9 submitted for App plus_minus, not waiting on any dependency
2022-02-28 23:15:38.010 parsl.dataflow.dflow:882 [DEBUG]  Task 9 set to pending state with AppFuture: <AppFuture super=<AppFuture at 0x7fa7ffa1ff10 state=pending>>
2022-02-28 23:15:38.010 parsl.dataflow.memoization:229 [DEBUG]  Task 9 will not be memoized
2022-02-28 23:15:38.010 parsl.executors.high_throughput.executor:562 [DEBUG]  Pushing function <function plus_minus at 0x7fa7ffa26160> to queue with args ([81, 82, 83, 84, 85, 86, 87, 88, 89, 90], 1)
2022-02-28 23:15:38.010 parsl.dataflow.dflow:587 [INFO]  Task 9 launched on executor frontera_htex
2022-02-28 23:15:38.010 parsl.dataflow.dflow:795 [DEBUG]  Task 10 will be sent to executor frontera_htex
2022-02-28 23:15:38.010 parsl.dataflow.dflow:624 [DEBUG]  Adding output dependencies
2022-02-28 23:15:38.010 parsl.dataflow.dflow:874 [INFO]  Task 10 submitted for App plus_minus, not waiting on any dependency
2022-02-28 23:15:38.010 parsl.dataflow.dflow:882 [DEBUG]  Task 10 set to pending state with AppFuture: <AppFuture super=<AppFuture at 0x7fa7fd9c9a30 state=pending>>
2022-02-28 23:15:38.010 parsl.dataflow.memoization:229 [DEBUG]  Task 10 will not be memoized
2022-02-28 23:15:38.010 parsl.executors.high_throughput.executor:562 [DEBUG]  Pushing function <function plus_minus at 0x7fa7ffa26160> to queue with args ([91, 92, 93, 94, 95, 96, 97, 98, 99, 100], 1)
2022-02-28 23:15:38.010 parsl.dataflow.dflow:587 [INFO]  Task 10 launched on executor frontera_htex
2022-02-28 23:15:48.036 parsl.dataflow.dflow:431 [INFO]  Task 8 completed (launched -> exec_done)
2022-02-28 23:15:48.036 parsl.dataflow.dflow:431 [INFO]  Task 4 completed (launched -> exec_done)
2022-02-28 23:15:48.046 parsl.dataflow.dflow:431 [INFO]  Task 5 completed (launched -> exec_done)
2022-02-28 23:15:48.046 parsl.dataflow.dflow:431 [INFO]  Task 2 completed (launched -> exec_done)
2022-02-28 23:15:48.046 parsl.dataflow.dflow:431 [INFO]  Task 3 completed (launched -> exec_done)
2022-02-28 23:15:48.046 parsl.dataflow.dflow:431 [INFO]  Task 6 completed (launched -> exec_done)
2022-02-28 23:15:48.046 parsl.dataflow.dflow:431 [INFO]  Task 7 completed (launched -> exec_done)
2022-02-28 23:15:48.047 parsl.dataflow.dflow:431 [INFO]  Task 1 completed (launched -> exec_done)
2022-02-28 23:15:58.286 parsl.dataflow.dflow:431 [INFO]  Task 10 completed (launched -> exec_done)
2022-02-28 23:15:58.287 parsl.dataflow.dflow:431 [INFO]  Task 9 completed (launched -> exec_done)
2022-02-28 23:15:58.288 parsl.dataflow.dflow:795 [DEBUG]  Task 11 will be sent to executor frontera_htex
2022-02-28 23:15:58.289 parsl.dataflow.dflow:624 [DEBUG]  Adding output dependencies
2022-02-28 23:15:58.290 parsl.dataflow.dflow:874 [INFO]  Task 11 submitted for App sum_square, not waiting on any dependency
2022-02-28 23:15:58.290 parsl.dataflow.dflow:882 [DEBUG]  Task 11 set to pending state with AppFuture: <AppFuture super=<AppFuture at 0x7fa7fd9d3220 state=pending>>
2022-02-28 23:15:58.290 parsl.dataflow.memoization:229 [DEBUG]  Task 11 will not be memoized
2022-02-28 23:15:58.291 parsl.executors.high_throughput.executor:562 [DEBUG]  Pushing function <function sum_square at 0x7fa7ffa26310> to queue with args ([0, 1, 2, 3, 4, 5, 6, 7, 8, 9], [2, 3, 4, 5, 6, 7, 8, 9, 10, 11], 2)
2022-02-28 23:15:58.293 parsl.dataflow.dflow:587 [INFO]  Task 11 launched on executor frontera_htex
2022-02-28 23:15:58.293 parsl.dataflow.dflow:795 [DEBUG]  Task 12 will be sent to executor frontera_htex
2022-02-28 23:15:58.294 parsl.dataflow.dflow:624 [DEBUG]  Adding output dependencies
2022-02-28 23:15:58.294 parsl.dataflow.dflow:874 [INFO]  Task 12 submitted for App sum_square, not waiting on any dependency
2022-02-28 23:15:58.294 parsl.dataflow.dflow:882 [DEBUG]  Task 12 set to pending state with AppFuture: <AppFuture super=<AppFuture at 0x7fa7fd9d35b0 state=pending>>
2022-02-28 23:15:58.294 parsl.dataflow.memoization:229 [DEBUG]  Task 12 will not be memoized
2022-02-28 23:15:58.294 parsl.executors.high_throughput.executor:562 [DEBUG]  Pushing function <function sum_square at 0x7fa7ffa26310> to queue with args ([10, 11, 12, 13, 14, 15, 16, 17, 18, 19], [12, 13, 14, 15, 16, 17, 18, 19, 20, 21], 2)
2022-02-28 23:15:58.294 parsl.dataflow.dflow:587 [INFO]  Task 12 launched on executor frontera_htex
2022-02-28 23:15:58.294 parsl.dataflow.dflow:795 [DEBUG]  Task 13 will be sent to executor frontera_htex
2022-02-28 23:15:58.294 parsl.dataflow.dflow:624 [DEBUG]  Adding output dependencies
2022-02-28 23:15:58.294 parsl.dataflow.dflow:874 [INFO]  Task 13 submitted for App sum_square, not waiting on any dependency
2022-02-28 23:15:58.294 parsl.dataflow.dflow:882 [DEBUG]  Task 13 set to pending state with AppFuture: <AppFuture super=<AppFuture at 0x7fa7fd9d38e0 state=pending>>
2022-02-28 23:15:58.294 parsl.dataflow.memoization:229 [DEBUG]  Task 13 will not be memoized
2022-02-28 23:15:58.294 parsl.executors.high_throughput.executor:562 [DEBUG]  Pushing function <function sum_square at 0x7fa7ffa26310> to queue with args ([20, 21, 22, 23, 24, 25, 26, 27, 28, 29], [22, 23, 24, 25, 26, 27, 28, 29, 30, 31], 2)
2022-02-28 23:15:58.294 parsl.dataflow.dflow:587 [INFO]  Task 13 launched on executor frontera_htex
2022-02-28 23:15:58.294 parsl.dataflow.dflow:795 [DEBUG]  Task 14 will be sent to executor frontera_htex
2022-02-28 23:15:58.295 parsl.dataflow.dflow:624 [DEBUG]  Adding output dependencies
2022-02-28 23:15:58.295 parsl.dataflow.dflow:874 [INFO]  Task 14 submitted for App sum_square, not waiting on any dependency
2022-02-28 23:15:58.295 parsl.dataflow.dflow:882 [DEBUG]  Task 14 set to pending state with AppFuture: <AppFuture super=<AppFuture at 0x7fa7fd9d3be0 state=pending>>
2022-02-28 23:15:58.295 parsl.dataflow.memoization:229 [DEBUG]  Task 14 will not be memoized
2022-02-28 23:15:58.295 parsl.executors.high_throughput.executor:562 [DEBUG]  Pushing function <function sum_square at 0x7fa7ffa26310> to queue with args ([30, 31, 32, 33, 34, 35, 36, 37, 38, 39], [32, 33, 34, 35, 36, 37, 38, 39, 40, 41], 2)
2022-02-28 23:15:58.295 parsl.dataflow.dflow:587 [INFO]  Task 14 launched on executor frontera_htex
2022-02-28 23:15:58.295 parsl.dataflow.dflow:795 [DEBUG]  Task 15 will be sent to executor frontera_htex
2022-02-28 23:15:58.295 parsl.dataflow.dflow:624 [DEBUG]  Adding output dependencies
2022-02-28 23:15:58.295 parsl.dataflow.dflow:874 [INFO]  Task 15 submitted for App sum_square, not waiting on any dependency
2022-02-28 23:15:58.295 parsl.dataflow.dflow:882 [DEBUG]  Task 15 set to pending state with AppFuture: <AppFuture super=<AppFuture at 0x7fa7fd9d3ee0 state=pending>>
2022-02-28 23:15:58.295 parsl.dataflow.memoization:229 [DEBUG]  Task 15 will not be memoized
2022-02-28 23:15:58.295 parsl.executors.high_throughput.executor:562 [DEBUG]  Pushing function <function sum_square at 0x7fa7ffa26310> to queue with args ([40, 41, 42, 43, 44, 45, 46, 47, 48, 49], [42, 43, 44, 45, 46, 47, 48, 49, 50, 51], 2)
2022-02-28 23:15:58.295 parsl.dataflow.dflow:587 [INFO]  Task 15 launched on executor frontera_htex
2022-02-28 23:15:58.295 parsl.dataflow.dflow:795 [DEBUG]  Task 16 will be sent to executor frontera_htex
2022-02-28 23:15:58.295 parsl.dataflow.dflow:624 [DEBUG]  Adding output dependencies
2022-02-28 23:15:58.296 parsl.dataflow.dflow:874 [INFO]  Task 16 submitted for App sum_square, not waiting on any dependency
2022-02-28 23:15:58.296 parsl.dataflow.dflow:882 [DEBUG]  Task 16 set to pending state with AppFuture: <AppFuture super=<AppFuture at 0x7fa7fd9da220 state=pending>>
2022-02-28 23:15:58.296 parsl.dataflow.memoization:229 [DEBUG]  Task 16 will not be memoized
2022-02-28 23:15:58.296 parsl.executors.high_throughput.executor:562 [DEBUG]  Pushing function <function sum_square at 0x7fa7ffa26310> to queue with args ([50, 51, 52, 53, 54, 55, 56, 57, 58, 59], [52, 53, 54, 55, 56, 57, 58, 59, 60, 61], 2)
2022-02-28 23:15:58.296 parsl.dataflow.dflow:587 [INFO]  Task 16 launched on executor frontera_htex
2022-02-28 23:15:58.296 parsl.dataflow.dflow:795 [DEBUG]  Task 17 will be sent to executor frontera_htex
2022-02-28 23:15:58.296 parsl.dataflow.dflow:624 [DEBUG]  Adding output dependencies
2022-02-28 23:15:58.296 parsl.dataflow.dflow:874 [INFO]  Task 17 submitted for App sum_square, not waiting on any dependency
2022-02-28 23:15:58.296 parsl.dataflow.dflow:882 [DEBUG]  Task 17 set to pending state with AppFuture: <AppFuture super=<AppFuture at 0x7fa7fd9da520 state=pending>>
2022-02-28 23:15:58.296 parsl.dataflow.memoization:229 [DEBUG]  Task 17 will not be memoized
2022-02-28 23:15:58.296 parsl.executors.high_throughput.executor:562 [DEBUG]  Pushing function <function sum_square at 0x7fa7ffa26310> to queue with args ([60, 61, 62, 63, 64, 65, 66, 67, 68, 69], [62, 63, 64, 65, 66, 67, 68, 69, 70, 71], 2)
2022-02-28 23:15:58.296 parsl.dataflow.dflow:587 [INFO]  Task 17 launched on executor frontera_htex
2022-02-28 23:15:58.296 parsl.dataflow.dflow:795 [DEBUG]  Task 18 will be sent to executor frontera_htex
2022-02-28 23:15:58.296 parsl.dataflow.dflow:624 [DEBUG]  Adding output dependencies
2022-02-28 23:15:58.296 parsl.dataflow.dflow:874 [INFO]  Task 18 submitted for App sum_square, not waiting on any dependency
2022-02-28 23:15:58.297 parsl.dataflow.dflow:882 [DEBUG]  Task 18 set to pending state with AppFuture: <AppFuture super=<AppFuture at 0x7fa7fd9da820 state=pending>>
2022-02-28 23:15:58.297 parsl.dataflow.memoization:229 [DEBUG]  Task 18 will not be memoized
2022-02-28 23:15:58.297 parsl.executors.high_throughput.executor:562 [DEBUG]  Pushing function <function sum_square at 0x7fa7ffa26310> to queue with args ([70, 71, 72, 73, 74, 75, 76, 77, 78, 79], [72, 73, 74, 75, 76, 77, 78, 79, 80, 81], 2)
2022-02-28 23:15:58.297 parsl.dataflow.dflow:587 [INFO]  Task 18 launched on executor frontera_htex
2022-02-28 23:15:58.297 parsl.dataflow.dflow:795 [DEBUG]  Task 19 will be sent to executor frontera_htex
2022-02-28 23:15:58.297 parsl.dataflow.dflow:624 [DEBUG]  Adding output dependencies
2022-02-28 23:15:58.297 parsl.dataflow.dflow:874 [INFO]  Task 19 submitted for App sum_square, not waiting on any dependency
2022-02-28 23:15:58.297 parsl.dataflow.dflow:882 [DEBUG]  Task 19 set to pending state with AppFuture: <AppFuture super=<AppFuture at 0x7fa7fd9d3fd0 state=pending>>
2022-02-28 23:15:58.297 parsl.dataflow.memoization:229 [DEBUG]  Task 19 will not be memoized
2022-02-28 23:15:58.297 parsl.executors.high_throughput.executor:562 [DEBUG]  Pushing function <function sum_square at 0x7fa7ffa26310> to queue with args ([80, 81, 82, 83, 84, 85, 86, 87, 88, 89], [82, 83, 84, 85, 86, 87, 88, 89, 90, 91], 2)
2022-02-28 23:15:58.297 parsl.dataflow.dflow:587 [INFO]  Task 19 launched on executor frontera_htex
2022-02-28 23:15:58.297 parsl.dataflow.dflow:795 [DEBUG]  Task 20 will be sent to executor frontera_htex
2022-02-28 23:15:58.298 parsl.dataflow.dflow:624 [DEBUG]  Adding output dependencies
2022-02-28 23:15:58.298 parsl.dataflow.dflow:874 [INFO]  Task 20 submitted for App sum_square, not waiting on any dependency
2022-02-28 23:15:58.298 parsl.dataflow.dflow:882 [DEBUG]  Task 20 set to pending state with AppFuture: <AppFuture super=<AppFuture at 0x7fa7ffa1fe50 state=pending>>
2022-02-28 23:15:58.298 parsl.dataflow.memoization:229 [DEBUG]  Task 20 will not be memoized
2022-02-28 23:15:58.298 parsl.executors.high_throughput.executor:562 [DEBUG]  Pushing function <function sum_square at 0x7fa7ffa26310> to queue with args ([90, 91, 92, 93, 94, 95, 96, 97, 98, 99], [92, 93, 94, 95, 96, 97, 98, 99, 100, 101], 2)
2022-02-28 23:15:58.298 parsl.dataflow.dflow:587 [INFO]  Task 20 launched on executor frontera_htex
2022-02-28 23:16:08.318 parsl.dataflow.dflow:431 [INFO]  Task 12 completed (launched -> exec_done)
2022-02-28 23:16:08.318 parsl.dataflow.dflow:431 [INFO]  Task 17 completed (launched -> exec_done)
2022-02-28 23:16:08.318 parsl.dataflow.dflow:431 [INFO]  Task 18 completed (launched -> exec_done)
2022-02-28 23:16:08.319 parsl.dataflow.dflow:431 [INFO]  Task 15 completed (launched -> exec_done)
2022-02-28 23:16:08.319 parsl.dataflow.dflow:431 [INFO]  Task 16 completed (launched -> exec_done)
2022-02-28 23:16:08.319 parsl.dataflow.dflow:431 [INFO]  Task 14 completed (launched -> exec_done)
2022-02-28 23:16:08.319 parsl.dataflow.dflow:431 [INFO]  Task 11 completed (launched -> exec_done)
2022-02-28 23:16:08.319 parsl.dataflow.dflow:431 [INFO]  Task 13 completed (launched -> exec_done)
2022-02-28 23:16:18.568 parsl.dataflow.dflow:431 [INFO]  Task 19 completed (launched -> exec_done)
2022-02-28 23:16:18.570 parsl.dataflow.dflow:431 [INFO]  Task 20 completed (launched -> exec_done)
2022-02-28 23:16:18.571 parsl.dataflow.dflow:795 [DEBUG]  Task 21 will be sent to executor frontera_htex
2022-02-28 23:16:18.572 parsl.dataflow.dflow:624 [DEBUG]  Adding output dependencies
2022-02-28 23:16:18.572 parsl.dataflow.dflow:874 [INFO]  Task 21 submitted for App average_list, not waiting on any dependency
2022-02-28 23:16:18.573 parsl.dataflow.dflow:882 [DEBUG]  Task 21 set to pending state with AppFuture: <AppFuture super=<AppFuture at 0x7fa7fd9b8eb0 state=pending>>
2022-02-28 23:16:18.573 parsl.dataflow.memoization:229 [DEBUG]  Task 21 will not be memoized
2022-02-28 23:16:18.574 parsl.executors.high_throughput.executor:562 [DEBUG]  Pushing function <function average_list at 0x7fa7ffa263a0> to queue with args ('[8, 20, 40, 68, 104, 148, 200, 260, 328, 404, 488, 580, 680, 788, 904, 1028, 1160, 1300, 1448, 1604,...',)
2022-02-28 23:16:18.578 parsl.dataflow.dflow:587 [INFO]  Task 21 launched on executor frontera_htex
2022-02-28 23:16:18.606 parsl.dataflow.dflow:431 [INFO]  Task 21 completed (launched -> exec_done)
2022-02-28 23:16:18.608 parsl.dataflow.dflow:1030 [INFO]  DFK cleanup initiated
2022-02-28 23:16:18.608 parsl.dataflow.dflow:920 [INFO]  Summary of tasks in DFK:
2022-02-28 23:16:18.609 parsl.dataflow.dflow:934 [INFO]  Tasks in state States.exec_done: 22
2022-02-28 23:16:18.609 parsl.dataflow.dflow:940 [INFO]  End of summary
2022-02-28 23:16:18.610 parsl.dataflow.dflow:1054 [INFO]  Terminating flow_control and strategy threads
2022-02-28 23:16:18.613 parsl.executors.high_throughput.executor:692 [DEBUG]  Current blocks : {'0': '557147'}
2022-02-28 23:16:18.615 parsl.executors.high_throughput.executor:526 [DEBUG]  [HOLD_BLOCK]: Sending hold to manager: 7bd459475711
2022-02-28 23:16:18.617 parsl.executors.high_throughput.executor:495 [DEBUG]  Sent hold request to worker: 7bd459475711
2022-02-28 23:16:18.618 parsl.providers.local.local:268 [DEBUG]  Terminating job/proc_id: 557147
2022-02-28 23:16:18.702 parsl.executors.high_throughput.executor:731 [INFO]  Attempting HighThroughputExecutor shutdown
2022-02-28 23:16:18.702 parsl.executors.high_throughput.executor:733 [INFO]  Finished HighThroughputExecutor shutdown attempt
2022-02-28 23:16:18.703 parsl.executors.threads:105 [DEBUG]  Done with executor shutdown
2022-02-28 23:16:18.703 parsl.dataflow.dflow:1083 [INFO]  DFK cleanup complete
