2021-12-06 13:07:25.697 interchange:165 [INFO]  Attempting connection to client at 127.0.0.1 on ports: 55451,55615,55899
2021-12-06 13:07:25.699 interchange:179 [INFO]  Connected to client
2021-12-06 13:07:25.700 interchange:214 [INFO]  Bound to ports 54018,54839 for incoming worker connections
2021-12-06 13:07:25.701 interchange:229 [INFO]  Platform info: {'parsl_v': '1.0.0', 'python_v': '3.8.5', 'os': 'Linux', 'hostname': 'SCC-th7356-01', 'dir': '/home/mehdi/work/gitscc/wfgenes/intro_examples/motion_capture/lib'}
2021-12-06 13:07:25.701 interchange:347 [INFO]  Incoming ports bound
2021-12-06 13:07:25.701 interchange:264 [INFO]  [TASK_PULL_THREAD] Starting
2021-12-06 13:07:26.883 interchange:408 [INFO]  [MAIN] Adding manager: b'a3d70560f0e2' to ready queue
2021-12-06 13:07:26.883 interchange:410 [INFO]  [MAIN] Registration info for manager b'a3d70560f0e2': {'parsl_v': '1.0.0', 'python_v': '3.8.5', 'worker_count': 4, 'block_id': '0', 'prefetch_capacity': 0, 'max_capacity': 4, 'os': 'Linux', 'hostname': 'SCC-th7356-01', 'dir': '/home/mehdi/work/gitscc/wfgenes/intro_examples/motion_capture/lib', 'cpu_count': 4, 'total_memory': 8137764864, 'reg_time': datetime.datetime(2021, 12, 6, 13, 7, 26)}
2021-12-06 13:07:26.884 interchange:430 [INFO]  [MAIN] Manager b'a3d70560f0e2' has compatible Parsl version 1.0.0
2021-12-06 13:07:26.884 interchange:431 [INFO]  [MAIN] Manager b'a3d70560f0e2' has compatible Python version 3.8
2021-12-06 13:07:26.884 interchange:408 [INFO]  [MAIN] Adding manager: b'8417bd4eaa03' to ready queue
2021-12-06 13:07:26.884 interchange:410 [INFO]  [MAIN] Registration info for manager b'8417bd4eaa03': {'parsl_v': '1.0.0', 'python_v': '3.8.5', 'worker_count': 4, 'block_id': '1', 'prefetch_capacity': 0, 'max_capacity': 4, 'os': 'Linux', 'hostname': 'SCC-th7356-01', 'dir': '/home/mehdi/work/gitscc/wfgenes/intro_examples/motion_capture/lib', 'cpu_count': 4, 'total_memory': 8137764864, 'reg_time': datetime.datetime(2021, 12, 6, 13, 7, 26)}
2021-12-06 13:07:26.884 interchange:430 [INFO]  [MAIN] Manager b'8417bd4eaa03' has compatible Parsl version 1.0.0
2021-12-06 13:07:26.884 interchange:431 [INFO]  [MAIN] Manager b'8417bd4eaa03' has compatible Python version 3.8
2021-12-06 13:07:26.889 interchange:408 [INFO]  [MAIN] Adding manager: b'8eca77bb3b37' to ready queue
2021-12-06 13:07:26.889 interchange:410 [INFO]  [MAIN] Registration info for manager b'8eca77bb3b37': {'parsl_v': '1.0.0', 'python_v': '3.8.5', 'worker_count': 4, 'block_id': '2', 'prefetch_capacity': 0, 'max_capacity': 4, 'os': 'Linux', 'hostname': 'SCC-th7356-01', 'dir': '/home/mehdi/work/gitscc/wfgenes/intro_examples/motion_capture/lib', 'cpu_count': 4, 'total_memory': 8137764864, 'reg_time': datetime.datetime(2021, 12, 6, 13, 7, 26)}
2021-12-06 13:07:26.889 interchange:430 [INFO]  [MAIN] Manager b'8eca77bb3b37' has compatible Parsl version 1.0.0
2021-12-06 13:07:26.889 interchange:431 [INFO]  [MAIN] Manager b'8eca77bb3b37' has compatible Python version 3.8
2021-12-06 13:07:26.907 interchange:408 [INFO]  [MAIN] Adding manager: b'2a5f73a2efb0' to ready queue
2021-12-06 13:07:26.907 interchange:410 [INFO]  [MAIN] Registration info for manager b'2a5f73a2efb0': {'parsl_v': '1.0.0', 'python_v': '3.8.5', 'worker_count': 4, 'block_id': '3', 'prefetch_capacity': 0, 'max_capacity': 4, 'os': 'Linux', 'hostname': 'SCC-th7356-01', 'dir': '/home/mehdi/work/gitscc/wfgenes/intro_examples/motion_capture/lib', 'cpu_count': 4, 'total_memory': 8137764864, 'reg_time': datetime.datetime(2021, 12, 6, 13, 7, 26)}
2021-12-06 13:07:26.907 interchange:430 [INFO]  [MAIN] Manager b'2a5f73a2efb0' has compatible Parsl version 1.0.0
2021-12-06 13:07:26.907 interchange:431 [INFO]  [MAIN] Manager b'2a5f73a2efb0' has compatible Python version 3.8
2021-12-06 13:12:57.177 interchange:317 [INFO]  [CMD] Received HOLD_WORKER for b'a3d70560f0e2'
2021-12-06 13:12:57.179 interchange:317 [INFO]  [CMD] Received HOLD_WORKER for b'a3d70560f0e2'
2021-12-06 13:12:57.182 interchange:317 [INFO]  [CMD] Received HOLD_WORKER for b'a3d70560f0e2'
2021-12-06 13:12:57.191 interchange:317 [INFO]  [CMD] Received HOLD_WORKER for b'8417bd4eaa03'
2021-12-06 13:12:57.193 interchange:317 [INFO]  [CMD] Received HOLD_WORKER for b'8417bd4eaa03'
2021-12-06 13:12:57.195 interchange:317 [INFO]  [CMD] Received HOLD_WORKER for b'8417bd4eaa03'
2021-12-06 13:12:57.205 interchange:317 [INFO]  [CMD] Received HOLD_WORKER for b'8eca77bb3b37'
2021-12-06 13:12:57.207 interchange:317 [INFO]  [CMD] Received HOLD_WORKER for b'8eca77bb3b37'
2021-12-06 13:12:57.209 interchange:317 [INFO]  [CMD] Received HOLD_WORKER for b'8eca77bb3b37'
2021-12-06 13:12:57.216 interchange:317 [INFO]  [CMD] Received HOLD_WORKER for b'2a5f73a2efb0'
2021-12-06 13:12:57.217 interchange:317 [INFO]  [CMD] Received HOLD_WORKER for b'2a5f73a2efb0'
2021-12-06 13:12:57.218 interchange:317 [INFO]  [CMD] Received HOLD_WORKER for b'2a5f73a2efb0'
