2021-12-06 12:58:22.498 parsl:607 Rank:0 [INFO]  Python version: 3.8.5 | packaged by conda-forge | (default, Jul 31 2020, 02:39:48) 
[GCC 7.5.0]
2021-12-06 12:58:22.498 parsl:608 Rank:0 [INFO]  Debug logging: False
2021-12-06 12:58:22.498 parsl:609 Rank:0 [INFO]  Log dir: /home/mehdi/work/gitscc/wfgenes/intro_examples/motion_capture/lib/runinfo/001/frontera_htex
2021-12-06 12:58:22.498 parsl:610 Rank:0 [INFO]  Manager ID: 246d8276db19
2021-12-06 12:58:22.498 parsl:611 Rank:0 [INFO]  Block ID: 2
2021-12-06 12:58:22.498 parsl:612 Rank:0 [INFO]  cores_per_worker: 1
2021-12-06 12:58:22.498 parsl:613 Rank:0 [INFO]  mem_per_worker: None
2021-12-06 12:58:22.498 parsl:614 Rank:0 [INFO]  task_port: 54700
2021-12-06 12:58:22.498 parsl:615 Rank:0 [INFO]  result_port: 54506
2021-12-06 12:58:22.498 parsl:616 Rank:0 [INFO]  addresses: SCC-th7356-01
2021-12-06 12:58:22.498 parsl:617 Rank:0 [INFO]  max_workers: 4
2021-12-06 12:58:22.499 parsl:618 Rank:0 [INFO]  poll_period: 10
2021-12-06 12:58:22.499 parsl:619 Rank:0 [INFO]  address_probe_timeout: 30
2021-12-06 12:58:22.499 parsl:620 Rank:0 [INFO]  Prefetch capacity: 0
2021-12-06 12:58:22.499 parsl:621 Rank:0 [INFO]  Heartbeat threshold: 120
2021-12-06 12:58:22.499 parsl:622 Rank:0 [INFO]  Heartbeat period: 30
2021-12-06 12:58:22.499 parsl:122 Rank:0 [INFO]  Manager started
2021-12-06 12:58:22.510 parsl.executors.high_throughput.probe:47 Rank:0 [INFO]  Connected to interchange on SCC-th7356-01
2021-12-06 12:58:22.512 parsl:129 Rank:0 [INFO]  Connection to Interchange successful on SCC-th7356-01
2021-12-06 12:58:22.512 parsl:132 Rank:0 [INFO]  Task url : tcp://SCC-th7356-01:54700
2021-12-06 12:58:22.512 parsl:133 Rank:0 [INFO]  Result url : tcp://SCC-th7356-01:54506
2021-12-06 12:58:22.513 parsl:151 Rank:0 [INFO]  Manager connected
2021-12-06 12:58:22.514 parsl:177 Rank:0 [INFO]  Manager will spawn 4 workers
2021-12-06 12:58:22.561 parsl:228 Rank:0 [INFO]  [TASK PULL THREAD] starting
2021-12-06 12:58:22.563 parsl:414 Rank:0 [INFO]  Loop start
