2022-03-05 13:22:28.170 parsl.dataflow.dflow:84 [DEBUG]  Starting DataFlowKernel with config
Config(
    app_cache=True, 
    checkpoint_files=None, 
    checkpoint_mode=None, 
    checkpoint_period=None, 
    executors=[ThreadPoolExecutor(
        label='frontera_htex', 
        managed=True, 
        max_threads=10, 
        storage_access=None, 
        thread_name_prefix='', 
        working_dir=None
    )], 
    garbage_collect=True, 
    initialize_logging=True, 
    internal_tasks_max_threads=10, 
    max_idletime=120.0, 
    monitoring=None, 
    retries=0, 
    run_dir='runinfo', 
    strategy=None, 
    usage_tracking=False
)
2022-03-05 13:22:28.170 parsl.dataflow.dflow:86 [INFO]  Parsl version: 1.1.0
2022-03-05 13:22:28.170 parsl.dataflow.usage_tracking.usage:125 [DEBUG]  Tracking status: False
2022-03-05 13:22:28.170 parsl.dataflow.dflow:114 [INFO]  Run id is: fb594837-8487-478e-b09f-962111fd2599
2022-03-05 13:22:28.217 parsl.dataflow.memoization:164 [INFO]  App caching initialized
2022-03-05 13:22:28.217 parsl.dataflow.strategy:127 [DEBUG]  Scaling strategy: None
2022-03-05 13:22:28.218 parsl.dataflow.dflow:795 [DEBUG]  Task 0 will be sent to executor frontera_htex
2022-03-05 13:22:28.218 parsl.dataflow.dflow:624 [DEBUG]  Adding output dependencies
2022-03-05 13:22:28.218 parsl.dataflow.dflow:874 [INFO]  Task 0 submitted for App data_generator, not waiting on any dependency
2022-03-05 13:22:28.218 parsl.dataflow.dflow:882 [DEBUG]  Task 0 set to pending state with AppFuture: <AppFuture super=<AppFuture at 0x7f1b08de4460 state=pending>>
2022-03-05 13:22:28.218 parsl.dataflow.memoization:229 [DEBUG]  Task 0 will not be memoized
2022-03-05 13:22:28.219 parsl.dataflow.dflow:587 [INFO]  Task 0 launched on executor frontera_htex
2022-03-05 13:22:28.388 parsl.dataflow.dflow:431 [INFO]  Task 0 completed (launched -> exec_done)
2022-03-05 13:22:28.388 parsl.dataflow.dflow:795 [DEBUG]  Task 1 will be sent to executor frontera_htex
2022-03-05 13:22:28.388 parsl.dataflow.dflow:624 [DEBUG]  Adding output dependencies
2022-03-05 13:22:28.388 parsl.dataflow.dflow:874 [INFO]  Task 1 submitted for App plus_minus, not waiting on any dependency
2022-03-05 13:22:28.388 parsl.dataflow.dflow:882 [DEBUG]  Task 1 set to pending state with AppFuture: <AppFuture super=<AppFuture at 0x7f1b08d81670 state=pending>>
2022-03-05 13:22:28.388 parsl.dataflow.memoization:229 [DEBUG]  Task 1 will not be memoized
2022-03-05 13:22:28.388 parsl.dataflow.dflow:587 [INFO]  Task 1 launched on executor frontera_htex
2022-03-05 13:22:28.388 parsl.dataflow.dflow:795 [DEBUG]  Task 2 will be sent to executor frontera_htex
2022-03-05 13:22:28.388 parsl.dataflow.dflow:624 [DEBUG]  Adding output dependencies
2022-03-05 13:22:28.388 parsl.dataflow.dflow:874 [INFO]  Task 2 submitted for App plus_minus, not waiting on any dependency
2022-03-05 13:22:28.388 parsl.dataflow.dflow:882 [DEBUG]  Task 2 set to pending state with AppFuture: <AppFuture super=<AppFuture at 0x7f1b08d818e0 state=pending>>
2022-03-05 13:22:28.388 parsl.dataflow.memoization:229 [DEBUG]  Task 2 will not be memoized
2022-03-05 13:22:28.389 parsl.dataflow.dflow:587 [INFO]  Task 2 launched on executor frontera_htex
2022-03-05 13:22:28.389 parsl.dataflow.dflow:795 [DEBUG]  Task 3 will be sent to executor frontera_htex
2022-03-05 13:22:28.389 parsl.dataflow.dflow:624 [DEBUG]  Adding output dependencies
2022-03-05 13:22:28.389 parsl.dataflow.dflow:874 [INFO]  Task 3 submitted for App plus_minus, not waiting on any dependency
2022-03-05 13:22:28.389 parsl.dataflow.dflow:882 [DEBUG]  Task 3 set to pending state with AppFuture: <AppFuture super=<AppFuture at 0x7f1b08d81df0 state=pending>>
2022-03-05 13:22:28.389 parsl.dataflow.memoization:229 [DEBUG]  Task 3 will not be memoized
2022-03-05 13:22:28.389 parsl.dataflow.dflow:587 [INFO]  Task 3 launched on executor frontera_htex
2022-03-05 13:22:28.389 parsl.dataflow.dflow:795 [DEBUG]  Task 4 will be sent to executor frontera_htex
2022-03-05 13:22:28.389 parsl.dataflow.dflow:624 [DEBUG]  Adding output dependencies
2022-03-05 13:22:28.389 parsl.dataflow.dflow:874 [INFO]  Task 4 submitted for App plus_minus, not waiting on any dependency
2022-03-05 13:22:28.389 parsl.dataflow.dflow:882 [DEBUG]  Task 4 set to pending state with AppFuture: <AppFuture super=<AppFuture at 0x7f1b08d81400 state=pending>>
2022-03-05 13:22:28.389 parsl.dataflow.memoization:229 [DEBUG]  Task 4 will not be memoized
2022-03-05 13:22:28.389 parsl.dataflow.dflow:587 [INFO]  Task 4 launched on executor frontera_htex
2022-03-05 13:22:28.390 parsl.dataflow.dflow:795 [DEBUG]  Task 5 will be sent to executor frontera_htex
2022-03-05 13:22:28.390 parsl.dataflow.dflow:624 [DEBUG]  Adding output dependencies
2022-03-05 13:22:28.390 parsl.dataflow.dflow:874 [INFO]  Task 5 submitted for App plus_minus, not waiting on any dependency
2022-03-05 13:22:28.390 parsl.dataflow.dflow:882 [DEBUG]  Task 5 set to pending state with AppFuture: <AppFuture super=<AppFuture at 0x7f1b08de4490 state=pending>>
2022-03-05 13:22:28.390 parsl.dataflow.memoization:229 [DEBUG]  Task 5 will not be memoized
2022-03-05 13:22:28.390 parsl.dataflow.dflow:587 [INFO]  Task 5 launched on executor frontera_htex
2022-03-05 13:22:28.390 parsl.dataflow.dflow:795 [DEBUG]  Task 6 will be sent to executor frontera_htex
2022-03-05 13:22:28.390 parsl.dataflow.dflow:624 [DEBUG]  Adding output dependencies
2022-03-05 13:22:28.390 parsl.dataflow.dflow:874 [INFO]  Task 6 submitted for App plus_minus, not waiting on any dependency
2022-03-05 13:22:28.390 parsl.dataflow.dflow:882 [DEBUG]  Task 6 set to pending state with AppFuture: <AppFuture super=<AppFuture at 0x7f1b08de4970 state=pending>>
2022-03-05 13:22:28.390 parsl.dataflow.memoization:229 [DEBUG]  Task 6 will not be memoized
2022-03-05 13:22:28.390 parsl.dataflow.dflow:587 [INFO]  Task 6 launched on executor frontera_htex
2022-03-05 13:22:28.390 parsl.dataflow.dflow:795 [DEBUG]  Task 7 will be sent to executor frontera_htex
2022-03-05 13:22:28.390 parsl.dataflow.dflow:624 [DEBUG]  Adding output dependencies
2022-03-05 13:22:28.390 parsl.dataflow.dflow:874 [INFO]  Task 7 submitted for App plus_minus, not waiting on any dependency
2022-03-05 13:22:28.390 parsl.dataflow.dflow:882 [DEBUG]  Task 7 set to pending state with AppFuture: <AppFuture super=<AppFuture at 0x7f1b08d80520 state=pending>>
2022-03-05 13:22:28.391 parsl.dataflow.memoization:229 [DEBUG]  Task 7 will not be memoized
2022-03-05 13:22:28.391 parsl.dataflow.dflow:587 [INFO]  Task 7 launched on executor frontera_htex
2022-03-05 13:22:28.391 parsl.dataflow.dflow:795 [DEBUG]  Task 8 will be sent to executor frontera_htex
2022-03-05 13:22:28.391 parsl.dataflow.dflow:624 [DEBUG]  Adding output dependencies
2022-03-05 13:22:28.391 parsl.dataflow.dflow:874 [INFO]  Task 8 submitted for App plus_minus, not waiting on any dependency
2022-03-05 13:22:28.391 parsl.dataflow.dflow:882 [DEBUG]  Task 8 set to pending state with AppFuture: <AppFuture super=<AppFuture at 0x7f1b08d80a90 state=pending>>
2022-03-05 13:22:28.391 parsl.dataflow.memoization:229 [DEBUG]  Task 8 will not be memoized
2022-03-05 13:22:28.391 parsl.dataflow.dflow:587 [INFO]  Task 8 launched on executor frontera_htex
2022-03-05 13:22:28.391 parsl.dataflow.dflow:795 [DEBUG]  Task 9 will be sent to executor frontera_htex
2022-03-05 13:22:28.391 parsl.dataflow.dflow:624 [DEBUG]  Adding output dependencies
2022-03-05 13:22:28.391 parsl.dataflow.dflow:874 [INFO]  Task 9 submitted for App plus_minus, not waiting on any dependency
2022-03-05 13:22:28.391 parsl.dataflow.dflow:882 [DEBUG]  Task 9 set to pending state with AppFuture: <AppFuture super=<AppFuture at 0x7f1b08d93070 state=pending>>
2022-03-05 13:22:28.391 parsl.dataflow.memoization:229 [DEBUG]  Task 9 will not be memoized
2022-03-05 13:22:28.391 parsl.dataflow.dflow:587 [INFO]  Task 9 launched on executor frontera_htex
2022-03-05 13:22:28.391 parsl.dataflow.dflow:795 [DEBUG]  Task 10 will be sent to executor frontera_htex
2022-03-05 13:22:28.391 parsl.dataflow.dflow:624 [DEBUG]  Adding output dependencies
2022-03-05 13:22:28.392 parsl.dataflow.dflow:874 [INFO]  Task 10 submitted for App plus_minus, not waiting on any dependency
2022-03-05 13:22:28.392 parsl.dataflow.dflow:882 [DEBUG]  Task 10 set to pending state with AppFuture: <AppFuture super=<AppFuture at 0x7f1b08d935e0 state=pending>>
2022-03-05 13:22:28.392 parsl.dataflow.memoization:229 [DEBUG]  Task 10 will not be memoized
2022-03-05 13:22:28.392 parsl.dataflow.dflow:587 [INFO]  Task 10 launched on executor frontera_htex
2022-03-05 13:22:38.402 parsl.dataflow.dflow:431 [INFO]  Task 6 completed (launched -> exec_done)
2022-03-05 13:22:38.403 parsl.dataflow.dflow:431 [INFO]  Task 8 completed (launched -> exec_done)
2022-03-05 13:22:38.404 parsl.dataflow.dflow:431 [INFO]  Task 2 completed (launched -> exec_done)
2022-03-05 13:22:38.405 parsl.dataflow.dflow:431 [INFO]  Task 9 completed (launched -> exec_done)
2022-03-05 13:22:38.406 parsl.dataflow.dflow:431 [INFO]  Task 5 completed (launched -> exec_done)
2022-03-05 13:22:38.406 parsl.dataflow.dflow:431 [INFO]  Task 7 completed (launched -> exec_done)
2022-03-05 13:22:38.407 parsl.dataflow.dflow:431 [INFO]  Task 1 completed (launched -> exec_done)
2022-03-05 13:22:38.408 parsl.dataflow.dflow:431 [INFO]  Task 10 completed (launched -> exec_done)
2022-03-05 13:22:38.409 parsl.dataflow.dflow:431 [INFO]  Task 4 completed (launched -> exec_done)
2022-03-05 13:22:38.410 parsl.dataflow.dflow:431 [INFO]  Task 3 completed (launched -> exec_done)
2022-03-05 13:22:38.411 parsl.dataflow.dflow:795 [DEBUG]  Task 11 will be sent to executor frontera_htex
2022-03-05 13:22:38.412 parsl.dataflow.dflow:624 [DEBUG]  Adding output dependencies
2022-03-05 13:22:38.412 parsl.dataflow.dflow:874 [INFO]  Task 11 submitted for App sum_square, not waiting on any dependency
2022-03-05 13:22:38.412 parsl.dataflow.dflow:882 [DEBUG]  Task 11 set to pending state with AppFuture: <AppFuture super=<AppFuture at 0x7f1b08d81f70 state=pending>>
2022-03-05 13:22:38.413 parsl.dataflow.memoization:229 [DEBUG]  Task 11 will not be memoized
2022-03-05 13:22:38.413 parsl.dataflow.dflow:587 [INFO]  Task 11 launched on executor frontera_htex
2022-03-05 13:22:38.414 parsl.dataflow.dflow:795 [DEBUG]  Task 12 will be sent to executor frontera_htex
2022-03-05 13:22:38.414 parsl.dataflow.dflow:624 [DEBUG]  Adding output dependencies
2022-03-05 13:22:38.414 parsl.dataflow.dflow:874 [INFO]  Task 12 submitted for App sum_square, not waiting on any dependency
2022-03-05 13:22:38.415 parsl.dataflow.dflow:882 [DEBUG]  Task 12 set to pending state with AppFuture: <AppFuture super=<AppFuture at 0x7f1b08d93b20 state=pending>>
2022-03-05 13:22:38.415 parsl.dataflow.memoization:229 [DEBUG]  Task 12 will not be memoized
2022-03-05 13:22:38.415 parsl.dataflow.dflow:587 [INFO]  Task 12 launched on executor frontera_htex
2022-03-05 13:22:38.416 parsl.dataflow.dflow:795 [DEBUG]  Task 13 will be sent to executor frontera_htex
2022-03-05 13:22:38.416 parsl.dataflow.dflow:624 [DEBUG]  Adding output dependencies
2022-03-05 13:22:38.416 parsl.dataflow.dflow:874 [INFO]  Task 13 submitted for App sum_square, not waiting on any dependency
2022-03-05 13:22:38.417 parsl.dataflow.dflow:882 [DEBUG]  Task 13 set to pending state with AppFuture: <AppFuture super=<AppFuture at 0x7f1b08d93d30 state=pending>>
2022-03-05 13:22:38.417 parsl.dataflow.memoization:229 [DEBUG]  Task 13 will not be memoized
2022-03-05 13:22:38.417 parsl.dataflow.dflow:587 [INFO]  Task 13 launched on executor frontera_htex
2022-03-05 13:22:38.418 parsl.dataflow.dflow:795 [DEBUG]  Task 14 will be sent to executor frontera_htex
2022-03-05 13:22:38.418 parsl.dataflow.dflow:624 [DEBUG]  Adding output dependencies
2022-03-05 13:22:38.418 parsl.dataflow.dflow:874 [INFO]  Task 14 submitted for App sum_square, not waiting on any dependency
2022-03-05 13:22:38.419 parsl.dataflow.dflow:882 [DEBUG]  Task 14 set to pending state with AppFuture: <AppFuture super=<AppFuture at 0x7f1b08d9e040 state=pending>>
2022-03-05 13:22:38.419 parsl.dataflow.memoization:229 [DEBUG]  Task 14 will not be memoized
2022-03-05 13:22:38.419 parsl.dataflow.dflow:587 [INFO]  Task 14 launched on executor frontera_htex
2022-03-05 13:22:38.420 parsl.dataflow.dflow:795 [DEBUG]  Task 15 will be sent to executor frontera_htex
2022-03-05 13:22:38.420 parsl.dataflow.dflow:624 [DEBUG]  Adding output dependencies
2022-03-05 13:22:38.421 parsl.dataflow.dflow:874 [INFO]  Task 15 submitted for App sum_square, not waiting on any dependency
2022-03-05 13:22:38.421 parsl.dataflow.dflow:882 [DEBUG]  Task 15 set to pending state with AppFuture: <AppFuture super=<AppFuture at 0x7f1b08d9e310 state=pending>>
2022-03-05 13:22:38.422 parsl.dataflow.memoization:229 [DEBUG]  Task 15 will not be memoized
2022-03-05 13:22:38.422 parsl.dataflow.dflow:587 [INFO]  Task 15 launched on executor frontera_htex
2022-03-05 13:22:38.423 parsl.dataflow.dflow:795 [DEBUG]  Task 16 will be sent to executor frontera_htex
2022-03-05 13:22:38.423 parsl.dataflow.dflow:624 [DEBUG]  Adding output dependencies
2022-03-05 13:22:38.423 parsl.dataflow.dflow:874 [INFO]  Task 16 submitted for App sum_square, not waiting on any dependency
2022-03-05 13:22:38.424 parsl.dataflow.dflow:882 [DEBUG]  Task 16 set to pending state with AppFuture: <AppFuture super=<AppFuture at 0x7f1b08d9e6a0 state=pending>>
2022-03-05 13:22:38.424 parsl.dataflow.memoization:229 [DEBUG]  Task 16 will not be memoized
2022-03-05 13:22:38.424 parsl.dataflow.dflow:587 [INFO]  Task 16 launched on executor frontera_htex
2022-03-05 13:22:38.425 parsl.dataflow.dflow:795 [DEBUG]  Task 17 will be sent to executor frontera_htex
2022-03-05 13:22:38.425 parsl.dataflow.dflow:624 [DEBUG]  Adding output dependencies
2022-03-05 13:22:38.426 parsl.dataflow.dflow:874 [INFO]  Task 17 submitted for App sum_square, not waiting on any dependency
2022-03-05 13:22:38.427 parsl.dataflow.dflow:882 [DEBUG]  Task 17 set to pending state with AppFuture: <AppFuture super=<AppFuture at 0x7f1b08d9e970 state=pending>>
2022-03-05 13:22:38.427 parsl.dataflow.memoization:229 [DEBUG]  Task 17 will not be memoized
2022-03-05 13:22:38.427 parsl.dataflow.dflow:587 [INFO]  Task 17 launched on executor frontera_htex
2022-03-05 13:22:38.428 parsl.dataflow.dflow:795 [DEBUG]  Task 18 will be sent to executor frontera_htex
2022-03-05 13:22:38.428 parsl.dataflow.dflow:624 [DEBUG]  Adding output dependencies
2022-03-05 13:22:38.428 parsl.dataflow.dflow:874 [INFO]  Task 18 submitted for App sum_square, not waiting on any dependency
2022-03-05 13:22:38.429 parsl.dataflow.dflow:882 [DEBUG]  Task 18 set to pending state with AppFuture: <AppFuture super=<AppFuture at 0x7f1b08d9ed30 state=pending>>
2022-03-05 13:22:38.429 parsl.dataflow.memoization:229 [DEBUG]  Task 18 will not be memoized
2022-03-05 13:22:38.430 parsl.dataflow.dflow:587 [INFO]  Task 18 launched on executor frontera_htex
2022-03-05 13:22:38.430 parsl.dataflow.dflow:795 [DEBUG]  Task 19 will be sent to executor frontera_htex
2022-03-05 13:22:38.430 parsl.dataflow.dflow:624 [DEBUG]  Adding output dependencies
2022-03-05 13:22:38.431 parsl.dataflow.dflow:874 [INFO]  Task 19 submitted for App sum_square, not waiting on any dependency
2022-03-05 13:22:38.431 parsl.dataflow.dflow:882 [DEBUG]  Task 19 set to pending state with AppFuture: <AppFuture super=<AppFuture at 0x7f1b08da5040 state=pending>>
2022-03-05 13:22:38.431 parsl.dataflow.memoization:229 [DEBUG]  Task 19 will not be memoized
2022-03-05 13:22:38.432 parsl.dataflow.dflow:587 [INFO]  Task 19 launched on executor frontera_htex
2022-03-05 13:22:38.432 parsl.dataflow.dflow:795 [DEBUG]  Task 20 will be sent to executor frontera_htex
2022-03-05 13:22:38.432 parsl.dataflow.dflow:624 [DEBUG]  Adding output dependencies
2022-03-05 13:22:38.433 parsl.dataflow.dflow:874 [INFO]  Task 20 submitted for App sum_square, not waiting on any dependency
2022-03-05 13:22:38.433 parsl.dataflow.dflow:882 [DEBUG]  Task 20 set to pending state with AppFuture: <AppFuture super=<AppFuture at 0x7f1b08da5310 state=pending>>
2022-03-05 13:22:38.433 parsl.dataflow.memoization:229 [DEBUG]  Task 20 will not be memoized
2022-03-05 13:22:38.434 parsl.dataflow.dflow:587 [INFO]  Task 20 launched on executor frontera_htex
2022-03-05 13:22:48.433 parsl.dataflow.dflow:431 [INFO]  Task 12 completed (launched -> exec_done)
2022-03-05 13:22:48.433 parsl.dataflow.dflow:431 [INFO]  Task 11 completed (launched -> exec_done)
2022-03-05 13:22:48.438 parsl.dataflow.dflow:431 [INFO]  Task 14 completed (launched -> exec_done)
2022-03-05 13:22:48.438 parsl.dataflow.dflow:431 [INFO]  Task 13 completed (launched -> exec_done)
2022-03-05 13:22:48.447 parsl.dataflow.dflow:431 [INFO]  Task 19 completed (launched -> exec_done)
2022-03-05 13:22:48.448 parsl.dataflow.dflow:431 [INFO]  Task 17 completed (launched -> exec_done)
2022-03-05 13:22:48.448 parsl.dataflow.dflow:431 [INFO]  Task 15 completed (launched -> exec_done)
2022-03-05 13:22:48.448 parsl.dataflow.dflow:431 [INFO]  Task 18 completed (launched -> exec_done)
2022-03-05 13:22:48.448 parsl.dataflow.dflow:431 [INFO]  Task 16 completed (launched -> exec_done)
2022-03-05 13:22:48.448 parsl.dataflow.dflow:431 [INFO]  Task 20 completed (launched -> exec_done)
2022-03-05 13:22:48.449 parsl.dataflow.dflow:795 [DEBUG]  Task 21 will be sent to executor frontera_htex
2022-03-05 13:22:48.449 parsl.dataflow.dflow:624 [DEBUG]  Adding output dependencies
2022-03-05 13:22:48.449 parsl.dataflow.dflow:874 [INFO]  Task 21 submitted for App average_list, not waiting on any dependency
2022-03-05 13:22:48.449 parsl.dataflow.dflow:882 [DEBUG]  Task 21 set to pending state with AppFuture: <AppFuture super=<AppFuture at 0x7f1b08d9e880 state=pending>>
2022-03-05 13:22:48.449 parsl.dataflow.memoization:229 [DEBUG]  Task 21 will not be memoized
2022-03-05 13:22:48.449 parsl.dataflow.dflow:587 [INFO]  Task 21 launched on executor frontera_htex
2022-03-05 13:22:48.449 parsl.dataflow.dflow:431 [INFO]  Task 21 completed (launched -> exec_done)
2022-03-05 13:22:48.450 parsl.dataflow.dflow:1030 [INFO]  DFK cleanup initiated
2022-03-05 13:22:48.450 parsl.dataflow.dflow:920 [INFO]  Summary of tasks in DFK:
2022-03-05 13:22:48.450 parsl.dataflow.dflow:934 [INFO]  Tasks in state States.exec_done: 22
2022-03-05 13:22:48.450 parsl.dataflow.dflow:940 [INFO]  End of summary
2022-03-05 13:22:48.450 parsl.dataflow.dflow:1054 [INFO]  Terminating flow_control and strategy threads
2022-03-05 13:22:48.450 parsl.executors.threads:105 [DEBUG]  Done with executor shutdown
2022-03-05 13:22:48.450 parsl.executors.threads:105 [DEBUG]  Done with executor shutdown
2022-03-05 13:22:48.450 parsl.dataflow.dflow:1083 [INFO]  DFK cleanup complete
