2021-12-06 12:49:06.125 parsl:607 Rank:0 [INFO]  Python version: 3.8.5 | packaged by conda-forge | (default, Jul 31 2020, 02:39:48) 
[GCC 7.5.0]
2021-12-06 12:49:06.125 parsl:608 Rank:0 [INFO]  Debug logging: False
2021-12-06 12:49:06.125 parsl:609 Rank:0 [INFO]  Log dir: /home/mehdi/work/gitscc/wfgenes/intro_examples/motion_capture/lib/runinfo/000/frontera_htex
2021-12-06 12:49:06.125 parsl:610 Rank:0 [INFO]  Manager ID: 8eaa11262f87
2021-12-06 12:49:06.125 parsl:611 Rank:0 [INFO]  Block ID: 2
2021-12-06 12:49:06.125 parsl:612 Rank:0 [INFO]  cores_per_worker: 1
2021-12-06 12:49:06.125 parsl:613 Rank:0 [INFO]  mem_per_worker: None
2021-12-06 12:49:06.126 parsl:614 Rank:0 [INFO]  task_port: 54703
2021-12-06 12:49:06.126 parsl:615 Rank:0 [INFO]  result_port: 54295
2021-12-06 12:49:06.126 parsl:616 Rank:0 [INFO]  addresses: SCC-th7356-01
2021-12-06 12:49:06.126 parsl:617 Rank:0 [INFO]  max_workers: 4
2021-12-06 12:49:06.126 parsl:618 Rank:0 [INFO]  poll_period: 10
2021-12-06 12:49:06.126 parsl:619 Rank:0 [INFO]  address_probe_timeout: 30
2021-12-06 12:49:06.126 parsl:620 Rank:0 [INFO]  Prefetch capacity: 0
2021-12-06 12:49:06.126 parsl:621 Rank:0 [INFO]  Heartbeat threshold: 120
2021-12-06 12:49:06.126 parsl:622 Rank:0 [INFO]  Heartbeat period: 30
2021-12-06 12:49:06.126 parsl:122 Rank:0 [INFO]  Manager started
2021-12-06 12:49:06.137 parsl.executors.high_throughput.probe:47 Rank:0 [INFO]  Connected to interchange on SCC-th7356-01
2021-12-06 12:49:06.137 parsl:129 Rank:0 [INFO]  Connection to Interchange successful on SCC-th7356-01
2021-12-06 12:49:06.137 parsl:132 Rank:0 [INFO]  Task url : tcp://SCC-th7356-01:54703
2021-12-06 12:49:06.137 parsl:133 Rank:0 [INFO]  Result url : tcp://SCC-th7356-01:54295
2021-12-06 12:49:06.138 parsl:151 Rank:0 [INFO]  Manager connected
2021-12-06 12:49:06.138 parsl:177 Rank:0 [INFO]  Manager will spawn 4 workers
2021-12-06 12:49:06.169 parsl:228 Rank:0 [INFO]  [TASK PULL THREAD] starting
2021-12-06 12:49:06.173 parsl:414 Rank:0 [INFO]  Loop start
2021-12-06 12:56:04.144 parsl:294 Rank:0 [CRITICAL]  [TASK_PULL_THREAD] Missing contact with interchange beyond heartbeat_threshold
2021-12-06 12:56:04.144 parsl:296 Rank:0 [CRITICAL]  [TASK_PULL_THREAD] Exiting
2021-12-06 12:56:04.145 parsl:419 Rank:0 [CRITICAL]  [MAIN] Received kill event, terminating worker processes
2021-12-06 12:56:04.147 parsl:333 Rank:0 [CRITICAL]  [RESULT_PUSH_THREAD] Exiting
2021-12-06 12:56:26.523 parsl:375 Rank:0 [CRITICAL]  [WORKER_WATCHDOG_THREAD] Exiting
2021-12-06 12:56:26.524 parsl:426 Rank:0 [CRITICAL]  Terminating worker <Process name='HTEX-Worker-0' pid=110479 parent=110430 started>:True
2021-12-06 12:56:26.527 parsl:426 Rank:0 [CRITICAL]  Terminating worker <Process name='HTEX-Worker-1' pid=110485 parent=110430 started>:True
2021-12-06 12:56:26.531 parsl:426 Rank:0 [CRITICAL]  Terminating worker <Process name='HTEX-Worker-2' pid=110489 parent=110430 started>:True
2021-12-06 12:56:26.534 parsl:426 Rank:0 [CRITICAL]  Terminating worker <Process name='HTEX-Worker-3' pid=110493 parent=110430 started>:True
2021-12-06 12:56:26.540 parsl:435 Rank:0 [INFO]  process_worker_pool ran for 440.4008467197418 seconds
2021-12-06 12:56:26.540 parsl:644 Rank:0 [INFO]  process_worker_pool exiting
